-------------------------------------------------------------------------------
Test set: com.hendrik.dermtest.DermtestApplicationTests
-------------------------------------------------------------------------------
Tests run: 1, Failures: 0, Errors: 1, Skipped: 0, Time elapsed: 0.424 s <<< FAILURE! - in com.hendrik.dermtest.DermtestApplicationTests
com.hendrik.dermtest.DermtestApplicationTests  Time elapsed: 0.423 s  <<< ERROR!
java.lang.IllegalStateException: Unable to find a @SpringBootConfiguration, you need to use @ContextConfiguration or @SpringBootTest(classes=...) with your test

